Arguments: 
  /usr/local/bin/node /usr/local/bin/yarn publish

PATH: 
  /usr/local/bin:/usr/bin:/bin:/usr/sbin:/sbin:/usr/local/share/dotnet:/Library/Frameworks/Mono.framework/Versions/Current/Commands:/Library/TeX/texbin

Yarn version: 
  1.0.1

Node version: 
  7.10.0

Platform: 
  darwin x64

npm manifest: 
  {
    "name": "chai-match-snapshot",
    "version": "1.0.19",
    "description": "Add matchSnapshot assertion",
    "main": "index.js",
    "scripts": {
      "test": "test"
    },
    "keywords": [
      "mocha",
      "test",
      "snapshots"
    ],
    "author": "Tomi Trescak <tomi.trescak@gmail.com>",
    "license": "MIT",
    "dependencies": {
      "@types/node": "^8.0.17"
    }
  }

yarn manifest: 
  No manifest

Lockfile: 
  # THIS IS AN AUTOGENERATED FILE. DO NOT EDIT THIS FILE DIRECTLY.
  # yarn lockfile v1
  "@types/node":
    version "8.0.17"
    resolved "https://registry.yarnpkg.com/@types/node/-/node-8.0.17.tgz#677bc8c118cfb76013febb62ede1f31d2c7222a1"

Trace: 
  Error: canceled
      at Interface.<anonymous> (/usr/local/lib/node_modules/yarn/lib/cli.js:115284:13)
      at emitNone (events.js:86:13)
      at Interface.emit (events.js:188:7)
      at Interface._ttyWrite (readline.js:733:16)
      at ReadStream.onkeypress (readline.js:120:10)
      at emitTwo (events.js:106:13)
      at ReadStream.emit (events.js:194:7)
      at emitKeys (internal/readline.js:402:14)
      at emitKeys.next (<anonymous>)
      at ReadStream.onData (readline.js:980:36)
